{
  "numFailedTestSuites": 1,
  "numFailedTests": 1,
  "numPassedTestSuites": 0,
  "numPassedTests": 0,
  "numPendingTestSuites": 0,
  "numPendingTests": 19,
  "numRuntimeErrorTestSuites": 0,
  "numTodoTests": 0,
  "numTotalTestSuites": 1,
  "numTotalTests": 20,
  "openHandles": [],
  "snapshot": {
    "added": 0,
    "didUpdate": false,
    "failure": false,
    "filesAdded": 0,
    "filesRemoved": 0,
    "filesRemovedList": [],
    "filesUnmatched": 0,
    "filesUpdated": 0,
    "matched": 0,
    "total": 0,
    "unchecked": 0,
    "uncheckedKeysByFile": [],
    "unmatched": 0,
    "updated": 0
  },
  "startTime": 1597766424264,
  "success": false,
  "testResults": [
    {
      "failureMessage": "  ● brimo testing › step 1 should be success\n\n    expect(received).toMatch(expected)\n\n    Expected substring: \"gagal\"\n    Received string:    \"sukses\"\n\n      295 |         await init.optmimal_ss('brimo','extra desktop','step-1',2000,'chromium')\n      296 |         await page.click('button[type=\"submit\"]');\n    > 297 |         await expect('sukses').toMatch('gagal')\n          |                                ^\n      298 |     },3600000)\n      299 | \n      300 |     test.skip('nomor telepon tidak perlu prefix 0 atau kode area', async() => {\n\n      at Object.test (test/brimo/brimo-micro/functional.test.js:297:32)\n",
      "numFailingTests": 1,
      "numPassingTests": 0,
      "numPendingTests": 19,
      "numTodoTests": 0,
      "perfStats": {
        "end": 1597766481353,
        "start": 1597766425457
      },
      "snapshot": {
        "added": 0,
        "fileDeleted": false,
        "matched": 0,
        "unchecked": 0,
        "unmatched": 0,
        "updated": 0,
        "uncheckedKeys": []
      },
      "testFilePath": "/var/www/automation/test/brimo/brimo-micro/functional.test.js",
      "testResults": [
        {
          "ancestorTitles": [
            "brimo testing"
          ],
          "duration": 51328,
          "failureMessages": [
            "Error: expect(received).toMatch(expected)\n\nExpected substring: \"gagal\"\nReceived string:    \"sukses\"\n    at Object.test (/var/www/automation/test/brimo/brimo-micro/functional.test.js:297:32)"
          ],
          "fullName": "brimo testing step 1 should be success",
          "location": null,
          "numPassingAsserts": 0,
          "status": "failed",
          "title": "step 1 should be success"
        },
        {
          "ancestorTitles": [
            "brimo testing"
          ],
          "duration": 0,
          "failureMessages": [],
          "fullName": "brimo testing nomor telepon tidak perlu prefix 0 atau kode area",
          "location": null,
          "numPassingAsserts": 0,
          "status": "pending",
          "title": "nomor telepon tidak perlu prefix 0 atau kode area"
        },
        {
          "ancestorTitles": [
            "brimo testing"
          ],
          "duration": 1,
          "failureMessages": [],
          "fullName": "brimo testing gaji pertahun gunakan formatter thousand",
          "location": null,
          "numPassingAsserts": 0,
          "status": "pending",
          "title": "gaji pertahun gunakan formatter thousand"
        },
        {
          "ancestorTitles": [
            "brimo testing"
          ],
          "duration": 0,
          "failureMessages": [],
          "fullName": "brimo testing Perusahaan lama bekerja validasi error, padahal field \"Lama Bekerja Tahun\"dan \"Lama Bekerja Bulan\"sudah diisi",
          "location": null,
          "numPassingAsserts": 0,
          "status": "pending",
          "title": "Perusahaan lama bekerja validasi error, padahal field \"Lama Bekerja Tahun\"dan \"Lama Bekerja Bulan\"sudah diisi"
        },
        {
          "ancestorTitles": [
            "brimo testing"
          ],
          "duration": 0,
          "failureMessages": [],
          "fullName": "brimo testing Update Data Kota",
          "location": null,
          "numPassingAsserts": 0,
          "status": "pending",
          "title": "Update Data Kota"
        },
        {
          "ancestorTitles": [
            "brimo testing"
          ],
          "duration": 0,
          "failureMessages": [],
          "fullName": "brimo testing Rekening BRI limit 15 digit (min. 15 digit, maks. 15 digit). Hanya 15 Digit",
          "location": null,
          "numPassingAsserts": 0,
          "status": "pending",
          "title": "Rekening BRI limit 15 digit (min. 15 digit, maks. 15 digit). Hanya 15 Digit"
        },
        {
          "ancestorTitles": [
            "brimo testing"
          ],
          "duration": 0,
          "failureMessages": [],
          "fullName": "brimo testing NPWP di-sanitize dan length nya adalah 15 digit",
          "location": null,
          "numPassingAsserts": 0,
          "status": "pending",
          "title": "NPWP di-sanitize dan length nya adalah 15 digit"
        },
        {
          "ancestorTitles": [
            "brimo testing"
          ],
          "duration": 0,
          "failureMessages": [],
          "fullName": "brimo testing NPWP menggunakan formatter dengan format NPWP",
          "location": null,
          "numPassingAsserts": 0,
          "status": "pending",
          "title": "NPWP menggunakan formatter dengan format NPWP"
        },
        {
          "ancestorTitles": [
            "brimo testing"
          ],
          "duration": 0,
          "failureMessages": [],
          "fullName": "brimo testing Image kartu di Halaman intro untuk device yang kecil overflow",
          "location": null,
          "numPassingAsserts": 0,
          "status": "pending",
          "title": "Image kartu di Halaman intro untuk device yang kecil overflow"
        },
        {
          "ancestorTitles": [
            "brimo testing"
          ],
          "duration": 0,
          "failureMessages": [],
          "fullName": "brimo testing Setelah user memilih kamera, lalu klik \"Foto NPWP\". Kamera tidak muncul",
          "location": null,
          "numPassingAsserts": 0,
          "status": "pending",
          "title": "Setelah user memilih kamera, lalu klik \"Foto NPWP\". Kamera tidak muncul"
        },
        {
          "ancestorTitles": [
            "brimo testing"
          ],
          "duration": 0,
          "failureMessages": [],
          "fullName": "brimo testing Jika kamera tidak ditemukan, layar hanya akan menampilkan bar loading saja. Munculkan pesan notifikasi \"Kamera tidak ditemukan. Silakan enable Kamera Anda\"",
          "location": null,
          "numPassingAsserts": 0,
          "status": "pending",
          "title": "Jika kamera tidak ditemukan, layar hanya akan menampilkan bar loading saja. Munculkan pesan notifikasi \"Kamera tidak ditemukan. Silakan enable Kamera Anda\""
        },
        {
          "ancestorTitles": [
            "brimo testing"
          ],
          "duration": 0,
          "failureMessages": [],
          "fullName": "brimo testing Pilihan \"Status Rumah\" memanjang kebawah",
          "location": null,
          "numPassingAsserts": 0,
          "status": "pending",
          "title": "Pilihan \"Status Rumah\" memanjang kebawah"
        },
        {
          "ancestorTitles": [
            "brimo testing"
          ],
          "duration": 0,
          "failureMessages": [],
          "fullName": "brimo testing Field \"Jumlah Tanggungan\" dibatasi maksimal 2 digit saja. Dengan validasi range antara \"0-99\" dan tidak perlu pakai format thousand",
          "location": null,
          "numPassingAsserts": 0,
          "status": "pending",
          "title": "Field \"Jumlah Tanggungan\" dibatasi maksimal 2 digit saja. Dengan validasi range antara \"0-99\" dan tidak perlu pakai format thousand"
        },
        {
          "ancestorTitles": [
            "brimo testing"
          ],
          "duration": 0,
          "failureMessages": [],
          "fullName": "brimo testing Field \"Lama Menempati\" dibatasi maksimal 2 digit angka saja. Dengan validasi range antara \"0-99\" ",
          "location": null,
          "numPassingAsserts": 0,
          "status": "pending",
          "title": "Field \"Lama Menempati\" dibatasi maksimal 2 digit angka saja. Dengan validasi range antara \"0-99\" "
        },
        {
          "ancestorTitles": [
            "brimo testing"
          ],
          "duration": 0,
          "failureMessages": [],
          "fullName": "brimo testing Field \"RT\" dibatasi maksimal 3 digit angka saja. Dengan validasi range antara \"000 - 999\"",
          "location": null,
          "numPassingAsserts": 0,
          "status": "pending",
          "title": "Field \"RT\" dibatasi maksimal 3 digit angka saja. Dengan validasi range antara \"000 - 999\""
        },
        {
          "ancestorTitles": [
            "brimo testing"
          ],
          "duration": 0,
          "failureMessages": [],
          "fullName": "brimo testing Field \"RW\" dibatasi maksimal 3 digit angka saja. Dengan validasi range antara \"000 - 999\"",
          "location": null,
          "numPassingAsserts": 0,
          "status": "pending",
          "title": "Field \"RW\" dibatasi maksimal 3 digit angka saja. Dengan validasi range antara \"000 - 999\""
        },
        {
          "ancestorTitles": [
            "brimo testing"
          ],
          "duration": 0,
          "failureMessages": [],
          "fullName": "brimo testing Field \"Kode Pos\" dibatasi maksimal 5 digit angka saja",
          "location": null,
          "numPassingAsserts": 0,
          "status": "pending",
          "title": "Field \"Kode Pos\" dibatasi maksimal 5 digit angka saja"
        },
        {
          "ancestorTitles": [
            "brimo testing"
          ],
          "duration": 0,
          "failureMessages": [],
          "fullName": "brimo testing Field \"Kode Area Rumah\" dibatas maksimal 4 digit angka saja",
          "location": null,
          "numPassingAsserts": 0,
          "status": "pending",
          "title": "Field \"Kode Area Rumah\" dibatas maksimal 4 digit angka saja"
        },
        {
          "ancestorTitles": [
            "brimo testing"
          ],
          "duration": 0,
          "failureMessages": [],
          "fullName": "brimo testing Field \"Nomor Telepon Rumah\" dibatasi maksimal 10 digit angka saja",
          "location": null,
          "numPassingAsserts": 0,
          "status": "pending",
          "title": "Field \"Nomor Telepon Rumah\" dibatasi maksimal 10 digit angka saja"
        },
        {
          "ancestorTitles": [
            "brimo testing"
          ],
          "duration": 0,
          "failureMessages": [],
          "fullName": "brimo testing Field \"Nomor NPWP\" masih bisa dimasukkan lebih dari 15 digit",
          "location": null,
          "numPassingAsserts": 0,
          "status": "pending",
          "title": "Field \"Nomor NPWP\" masih bisa dimasukkan lebih dari 15 digit"
        }
      ],
      "skipped": false,
      "leaks": false
    }
  ],
  "wasInterrupted": false
}